<?xml version="1.0" encoding="UTF-8"?>
<!-- Generated by org.testng.reporters.JUnitReportReporter -->
<testsuite hostname="TYSS-Vijayalaxmi" failures="0" tests="1" name="ContactsModule.CreateContactTest" time="26.717" errors="0" timestamp="2022-09-20T14:59:36 IST" skipped="0">
  <testcase classname="ContactsModule.CreateContactTest" name="createContacts" time="26.717"/>
  <system-out/>
</testsuite> <!-- ContactsModule.CreateContactTest -->
