<?xml version="1.0" encoding="UTF-8"?>
<!-- Generated by org.testng.reporters.JUnitReportReporter -->
<testsuite hostname="TYSS-Vijayalaxmi" failures="0" tests="3" name="PracticePackage.DataProviderPractice" time="0.008" errors="0" timestamp="2022-09-23T15:43:59 IST" skipped="0">
  <testcase classname="PracticePackage.DataProviderPractice" name="travelling" time="0.005"/>
  <system-out/>
  <testcase classname="PracticePackage.DataProviderPractice" name="travelling" time="0.002"/>
  <system-out/>
  <testcase classname="PracticePackage.DataProviderPractice" name="travelling" time="0.001"/>
  <system-out/>
</testsuite> <!-- PracticePackage.DataProviderPractice -->
