<?xml version="1.0" encoding="UTF-8"?>
<!-- Generated by org.testng.reporters.JUnitReportReporter -->
<testsuite hostname="TYSS-Vijayalaxmi" failures="0" tests="6" name="PracticePackage.ReadMultipleDataTest" time="0.008" errors="0" timestamp="2022-09-23T16:47:33 IST" skipped="0">
  <testcase classname="PracticePackage.ReadMultipleDataTest" name="hotelMenu" time="0.000"/>
  <system-out/>
  <testcase classname="PracticePackage.ReadMultipleDataTest" name="hotelMenu" time="0.001"/>
  <system-out/>
  <testcase classname="PracticePackage.ReadMultipleDataTest" name="hotelMenu" time="0.001"/>
  <system-out/>
  <testcase classname="PracticePackage.ReadMultipleDataTest" name="hotelMenu" time="0.000"/>
  <system-out/>
  <testcase classname="PracticePackage.ReadMultipleDataTest" name="hotelMenu" time="0.005"/>
  <system-out/>
  <testcase classname="PracticePackage.ReadMultipleDataTest" name="hotelMenu" time="0.001"/>
  <system-out/>
</testsuite> <!-- PracticePackage.ReadMultipleDataTest -->
